This is pdfTeX, Version 3.14159265-2.6-1.40.20 (TeX Live 2019/Debian) (preloaded format=pdflatex 2020.9.8)  8 SEP 2020 16:33
entering extended mode
 restricted \write18 enabled.
 %&-line parsing enabled.
**manual.tex
(./manual.tex
LaTeX2e <2020-02-02> patch level 2
L3 programming layer <2020-02-14>
(/usr/share/texlive/texmf-dist/tex/latex/base/article.cls
Document Class: article 2019/12/20 v1.4l Standard LaTeX document class
(/usr/share/texlive/texmf-dist/tex/latex/base/size10.clo
File: size10.clo 2019/12/20 v1.4l Standard LaTeX file (size option)
)
\c@part=\count167
\c@section=\count168
\c@subsection=\count169
\c@subsubsection=\count170
\c@paragraph=\count171
\c@subparagraph=\count172
\c@figure=\count173
\c@table=\count174
\abovecaptionskip=\skip47
\belowcaptionskip=\skip48
\bibindent=\dimen134
)
(/usr/share/texlive/texmf-dist/tex/latex/graphics/graphicx.sty
Package: graphicx 2019/11/30 v1.2a Enhanced LaTeX Graphics (DPC,SPQR)

(/usr/share/texlive/texmf-dist/tex/latex/graphics/keyval.sty
Package: keyval 2014/10/28 v1.15 key=value parser (DPC)
\KV@toks@=\toks14
)
(/usr/share/texlive/texmf-dist/tex/latex/graphics/graphics.sty
Package: graphics 2019/11/30 v1.4a Standard LaTeX Graphics (DPC,SPQR)

(/usr/share/texlive/texmf-dist/tex/latex/graphics/trig.sty
Package: trig 2016/01/03 v1.10 sin cos tan (DPC)
)
(/usr/share/texlive/texmf-dist/tex/latex/graphics-cfg/graphics.cfg
File: graphics.cfg 2016/06/04 v1.11 sample graphics configuration
)
Package graphics Info: Driver file: pdftex.def on input line 105.

(/usr/share/texlive/texmf-dist/tex/latex/graphics-def/pdftex.def
File: pdftex.def 2018/01/08 v1.0l Graphics/color driver for pdftex
))
\Gin@req@height=\dimen135
\Gin@req@width=\dimen136
)
(/usr/share/texlive/texmf-dist/tex/latex/hyperref/hyperref.sty
Package: hyperref 2020/01/14 v7.00d Hypertext links for LaTeX

(/usr/share/texlive/texmf-dist/tex/generic/ltxcmds/ltxcmds.sty
Package: ltxcmds 2019/12/15 v1.24 LaTeX kernel commands for general use (HO)
)
(/usr/share/texlive/texmf-dist/tex/generic/iftex/iftex.sty
Package: iftex 2019/11/07 v1.0c TeX engine tests
)
(/usr/share/texlive/texmf-dist/tex/latex/pdftexcmds/pdftexcmds.sty
Package: pdftexcmds 2019/11/24 v0.31 Utility functions of pdfTeX for LuaTeX (HO
)

(/usr/share/texlive/texmf-dist/tex/generic/infwarerr/infwarerr.sty
Package: infwarerr 2019/12/03 v1.5 Providing info/warning/error messages (HO)
)
Package pdftexcmds Info: \pdf@primitive is available.
Package pdftexcmds Info: \pdf@ifprimitive is available.
Package pdftexcmds Info: \pdfdraftmode found.
)
(/usr/share/texlive/texmf-dist/tex/generic/kvsetkeys/kvsetkeys.sty
Package: kvsetkeys 2019/12/15 v1.18 Key value parser (HO)
)
(/usr/share/texlive/texmf-dist/tex/generic/kvdefinekeys/kvdefinekeys.sty
Package: kvdefinekeys 2019-12-19 v1.6 Define keys (HO)
)
(/usr/share/texlive/texmf-dist/tex/generic/pdfescape/pdfescape.sty
Package: pdfescape 2019/12/09 v1.15 Implements pdfTeX's escape features (HO)
)
(/usr/share/texlive/texmf-dist/tex/latex/hycolor/hycolor.sty
Package: hycolor 2020-01-27 v1.10 Color options for hyperref/bookmark (HO)
)
(/usr/share/texlive/texmf-dist/tex/latex/letltxmacro/letltxmacro.sty
Package: letltxmacro 2019/12/03 v1.6 Let assignment for LaTeX macros (HO)
)
(/usr/share/texlive/texmf-dist/tex/latex/auxhook/auxhook.sty
Package: auxhook 2019-12-17 v1.6 Hooks for auxiliary files (HO)
)
(/usr/share/texlive/texmf-dist/tex/latex/kvoptions/kvoptions.sty
Package: kvoptions 2019/11/29 v3.13 Key value format for package options (HO)
)
\@linkdim=\dimen137
\Hy@linkcounter=\count175
\Hy@pagecounter=\count176

(/usr/share/texlive/texmf-dist/tex/latex/hyperref/pd1enc.def
File: pd1enc.def 2020/01/14 v7.00d Hyperref: PDFDocEncoding definition (HO)
Now handling font encoding PD1 ...
... no UTF-8 mapping file for font encoding PD1
)
(/usr/share/texlive/texmf-dist/tex/generic/intcalc/intcalc.sty
Package: intcalc 2019/12/15 v1.3 Expandable calculations with integers (HO)
)
(/usr/share/texlive/texmf-dist/tex/generic/etexcmds/etexcmds.sty
Package: etexcmds 2019/12/15 v1.7 Avoid name clashes with e-TeX commands (HO)
)
\Hy@SavedSpaceFactor=\count177
\pdfmajorversion=\count178
Package hyperref Info: Hyper figures OFF on input line 4547.
Package hyperref Info: Link nesting OFF on input line 4552.
Package hyperref Info: Hyper index ON on input line 4555.
Package hyperref Info: Plain pages OFF on input line 4562.
Package hyperref Info: Backreferencing OFF on input line 4567.
Package hyperref Info: Implicit mode ON; LaTeX internals redefined.
Package hyperref Info: Bookmarks ON on input line 4800.
\c@Hy@tempcnt=\count179

(/usr/share/texlive/texmf-dist/tex/latex/url/url.sty
\Urlmuskip=\muskip16
Package: url 2013/09/16  ver 3.4  Verb mode for urls, etc.
)
LaTeX Info: Redefining \url on input line 5159.
\XeTeXLinkMargin=\dimen138

(/usr/share/texlive/texmf-dist/tex/generic/bitset/bitset.sty
Package: bitset 2019/12/09 v1.3 Handle bit-vector datatype (HO)

(/usr/share/texlive/texmf-dist/tex/generic/bigintcalc/bigintcalc.sty
Package: bigintcalc 2019/12/15 v1.5 Expandable calculations on big integers (HO
)
))
\Fld@menulength=\count180
\Field@Width=\dimen139
\Fld@charsize=\dimen140
Package hyperref Info: Hyper figures OFF on input line 6430.
Package hyperref Info: Link nesting OFF on input line 6435.
Package hyperref Info: Hyper index ON on input line 6438.
Package hyperref Info: backreferencing OFF on input line 6445.
Package hyperref Info: Link coloring OFF on input line 6450.
Package hyperref Info: Link coloring with OCG OFF on input line 6455.
Package hyperref Info: PDF/A mode OFF on input line 6460.
LaTeX Info: Redefining \ref on input line 6500.
LaTeX Info: Redefining \pageref on input line 6504.

(/usr/share/texlive/texmf-dist/tex/generic/atbegshi/atbegshi.sty
Package: atbegshi 2019/12/05 v1.19 At begin shipout hook (HO)
)
\Hy@abspage=\count181
\c@Item=\count182
\c@Hfootnote=\count183
)
Package hyperref Info: Driver (autodetected): hpdftex.

(/usr/share/texlive/texmf-dist/tex/latex/hyperref/hpdftex.def
File: hpdftex.def 2020/01/14 v7.00d Hyperref driver for pdfTeX

(/usr/share/texlive/texmf-dist/tex/latex/atveryend/atveryend.sty
Package: atveryend 2019-12-11 v1.11 Hooks at the very end of document (HO)
Package atveryend Info: \enddocument detected (standard20110627).
)
\Fld@listcount=\count184
\c@bookmark@seq@number=\count185

(/usr/share/texlive/texmf-dist/tex/latex/rerunfilecheck/rerunfilecheck.sty
Package: rerunfilecheck 2019/12/05 v1.9 Rerun checks for auxiliary files (HO)

(/usr/share/texlive/texmf-dist/tex/generic/uniquecounter/uniquecounter.sty
Package: uniquecounter 2019/12/15 v1.4 Provide unlimited unique counter (HO)
)
Package uniquecounter Info: New unique counter `rerunfilecheck' on input line 2
86.
)
\Hy@SectionHShift=\skip49
)
(/usr/share/texlive/texmf-dist/tex/latex/l3backend/l3backend-pdfmode.def
File: l3backend-pdfmode.def 2020-02-03 L3 backend support: PDF mode
\l__kernel_color_stack_int=\count186
\l__pdf_internal_box=\box45
)
(./manual.aux)
\openout1 = `manual.aux'.

LaTeX Font Info:    Checking defaults for OML/cmm/m/it on input line 5.
LaTeX Font Info:    ... okay on input line 5.
LaTeX Font Info:    Checking defaults for OMS/cmsy/m/n on input line 5.
LaTeX Font Info:    ... okay on input line 5.
LaTeX Font Info:    Checking defaults for OT1/cmr/m/n on input line 5.
LaTeX Font Info:    ... okay on input line 5.
LaTeX Font Info:    Checking defaults for T1/cmr/m/n on input line 5.
LaTeX Font Info:    ... okay on input line 5.
LaTeX Font Info:    Checking defaults for TS1/cmr/m/n on input line 5.
LaTeX Font Info:    ... okay on input line 5.
LaTeX Font Info:    Checking defaults for OMX/cmex/m/n on input line 5.
LaTeX Font Info:    ... okay on input line 5.
LaTeX Font Info:    Checking defaults for U/cmr/m/n on input line 5.
LaTeX Font Info:    ... okay on input line 5.
LaTeX Font Info:    Checking defaults for PD1/pdf/m/n on input line 5.
LaTeX Font Info:    ... okay on input line 5.

(/usr/share/texlive/texmf-dist/tex/context/base/mkii/supp-pdf.mkii
[Loading MPS to PDF converter (version 2006.09.02).]
\scratchcounter=\count187
\scratchdimen=\dimen141
\scratchbox=\box46
\nofMPsegments=\count188
\nofMParguments=\count189
\everyMPshowfont=\toks15
\MPscratchCnt=\count190
\MPscratchDim=\dimen142
\MPnumerator=\count191
\makeMPintoPDFobject=\count192
\everyMPtoPDFconversion=\toks16
) (/usr/share/texlive/texmf-dist/tex/latex/epstopdf-pkg/epstopdf-base.sty
Package: epstopdf-base 2020-01-24 v2.11 Base part for package epstopdf
Package epstopdf-base Info: Redefining graphics rule for `.eps' on input line 4
85.

(/usr/share/texlive/texmf-dist/tex/latex/latexconfig/epstopdf-sys.cfg
File: epstopdf-sys.cfg 2010/07/13 v1.3 Configuration of (r)epstopdf for TeX Liv
e
))
\AtBeginShipoutBox=\box47
Package hyperref Info: Link coloring OFF on input line 5.

(/usr/share/texlive/texmf-dist/tex/latex/hyperref/nameref.sty
Package: nameref 2019/09/16 v2.46 Cross-referencing by name of section

(/usr/share/texlive/texmf-dist/tex/latex/refcount/refcount.sty
Package: refcount 2019/12/15 v3.6 Data extraction from label references (HO)
)
(/usr/share/texlive/texmf-dist/tex/generic/gettitlestring/gettitlestring.sty
Package: gettitlestring 2019/12/15 v1.6 Cleanup title references (HO)
)
\c@section@level=\count193
)
LaTeX Info: Redefining \ref on input line 5.
LaTeX Info: Redefining \pageref on input line 5.
LaTeX Info: Redefining \nameref on input line 5.

(./manual.out) (./manual.out)
\@outlinefile=\write3
\openout3 = `manual.out'.

LaTeX Font Info:    External font `cmex10' loaded for size
(Font)              <12> on input line 11.
LaTeX Font Info:    External font `cmex10' loaded for size
(Font)              <8> on input line 11.
LaTeX Font Info:    External font `cmex10' loaded for size
(Font)              <6> on input line 11.
 [1

{/var/lib/texmf/fonts/map/pdftex/updmap/pdftex.map}]
Overfull \hbox (132.74583pt too wide) in paragraph at lines 78--78
[]\OT1/cmtt/m/n/10 libgeo.a libip2_d.a libwgrib2.a libwgrib2_api.a libwgrib2x.a
 wgrib2api.mod wgrib2lowapi.mod[] 
 []

[2]
Overfull \hbox (211.49515pt too wide) in paragraph at lines 122--122
[]\OT1/cmtt/m/n/10 ./configure --prefix=/opt/hdf5 CC=gcc FC=gfortran --with-zli
b=/opt/zlib --enable-parallel --enable-fortran[] 
 []


Overfull \hbox (379.49368pt too wide) in paragraph at lines 146--146
[]\OT1/cmtt/m/n/10 ./configure --prefix=/opt/netcdfc FC=gfortran CC=gcc LT_SYS_
LIBRARY_PATH=/opt/hdf5/lib CFLAGS='-I/opt/hdf5/include' LIBS='-L/opt/hdf5/lib'[
] 
 []

[3]
Overfull \hbox (22.4968pt too wide) in paragraph at lines 174--174
[]\OT1/cmtt/m/n/10 export LD_LIBRARY_PATH=/opt/netcdfc/lib:/opt/hdf5/lib:$LD_LI
BRARY_PATH[] 
 []

[4]
Overfull \hbox (179.99542pt too wide) in paragraph at lines 206--206
[]\OT1/cmtt/m/n/10 FC_OPTS      = -DUSEPARALELL=$(USEPARALELL) -DUSEGRIB=$(USEG
RIB) -ffree-form -ffree-line-length-none[] 
 []


Overfull \hbox (1.158pt too wide) in paragraph at lines 208--209
[]\OT1/cmr/m/n/10 Change to com-piler You want and save it. If com-piler is ifo
rt, in-clude.mk.intel
 []


Overfull \hbox (3.34685pt too wide) in paragraph at lines 220--221
[]\OT1/cmr/bx/n/10 The make avail-able by de-fault is for in-clude.mk.gnu - gfo
r-tran/gcc 
 []

[5]
<graf1.jpg, id=97, 402.50375pt x 373.395pt>
File: graf1.jpg Graphic file (type jpg)
<use graf1.jpg>
Package pdftex.def Info: graf1.jpg  used on input line 249.
(pdftex.def)             Requested size: 216.81pt x 201.1289pt.

Overfull \hbox (43.00357pt too wide) in paragraph at lines 265--266
\OT1/cmr/m/n/10 Get the cams cli-ma-tol-ogy on: []http://ftp.cptec.inpe.br/pesq
uisa/bramsrd/DATA[]CAMS/[].
 []


Overfull \hbox (101.24611pt too wide) in paragraph at lines 280--280
[]\OT1/cmtt/m/n/10 wget http://ftp.cptec.inpe.br/pesquisa/bramsrd/DATA_CAMS/JAN
-CAMS-EC-2010-2019-AMS.nc[] 
 []


Overfull \hbox (101.24611pt too wide) in paragraph at lines 280--280
[]\OT1/cmtt/m/n/10 wget http://ftp.cptec.inpe.br/pesquisa/bramsrd/DATA_CAMS/FEB
-CAMS-EC-2010-2019-AMS.nc[] 
 []


Overfull \hbox (101.24611pt too wide) in paragraph at lines 280--280
[]\OT1/cmtt/m/n/10 wget http://ftp.cptec.inpe.br/pesquisa/bramsrd/DATA_CAMS/MAR
-CAMS-EC-2010-2019-AMS.nc[] 
 []


Overfull \hbox (101.24611pt too wide) in paragraph at lines 280--280
[]\OT1/cmtt/m/n/10 wget http://ftp.cptec.inpe.br/pesquisa/bramsrd/DATA_CAMS/APR
-CAMS-EC-2010-2019-AMS.nc[] 
 []


Overfull \hbox (101.24611pt too wide) in paragraph at lines 280--280
[]\OT1/cmtt/m/n/10 wget http://ftp.cptec.inpe.br/pesquisa/bramsrd/DATA_CAMS/MAY
-CAMS-EC-2010-2019-AMS.nc[] 
 []


Overfull \hbox (101.24611pt too wide) in paragraph at lines 280--280
[]\OT1/cmtt/m/n/10 wget http://ftp.cptec.inpe.br/pesquisa/bramsrd/DATA_CAMS/JUN
-CAMS-EC-2010-2019-AMS.nc[] 
 []


Overfull \hbox (101.24611pt too wide) in paragraph at lines 280--280
[]\OT1/cmtt/m/n/10 wget http://ftp.cptec.inpe.br/pesquisa/bramsrd/DATA_CAMS/JUL
-CAMS-EC-2010-2019-AMS.nc[] 
 []

[6 <./graf1.jpg>]
Overfull \hbox (101.24611pt too wide) in paragraph at lines 280--280
[]\OT1/cmtt/m/n/10 wget http://ftp.cptec.inpe.br/pesquisa/bramsrd/DATA_CAMS/AUG
-CAMS-EC-2010-2019-AMS.nc[] 
 []


Overfull \hbox (101.24611pt too wide) in paragraph at lines 280--280
[]\OT1/cmtt/m/n/10 wget http://ftp.cptec.inpe.br/pesquisa/bramsrd/DATA_CAMS/SEP
-CAMS-EC-2010-2019-AMS.nc[] 
 []


Overfull \hbox (101.24611pt too wide) in paragraph at lines 280--280
[]\OT1/cmtt/m/n/10 wget http://ftp.cptec.inpe.br/pesquisa/bramsrd/DATA_CAMS/OCT
-CAMS-EC-2010-2019-AMS.nc[] 
 []


Overfull \hbox (101.24611pt too wide) in paragraph at lines 280--280
[]\OT1/cmtt/m/n/10 wget http://ftp.cptec.inpe.br/pesquisa/bramsrd/DATA_CAMS/NOV
-CAMS-EC-2010-2019-AMS.nc[] 
 []


Overfull \hbox (101.24611pt too wide) in paragraph at lines 280--280
[]\OT1/cmtt/m/n/10 wget http://ftp.cptec.inpe.br/pesquisa/bramsrd/DATA_CAMS/DEC
-CAMS-EC-2010-2019-AMS.nc[] 
 []


Overfull \hbox (308.194pt too wide) in paragraph at lines 289--291
\OT1/cmr/m/n/10 Get the GFS data from no-mads on https://nomads.ncep.noaa.gov/p
ub/data/nccf/com/gfs/prod/gfs.\OT1/cmr/bx/n/10 YYYYMMDD/HH\OT1/cmr/m/n/10 /gfs.
t00z.pgrb2.0p25.f\OT1/cmr/bx/n/10 TTT
 []


Underfull \hbox (badness 10000) in paragraph at lines 289--291
\OT1/cmr/m/n/10 where:
 []


Underfull \hbox (badness 10000) in paragraph at lines 289--291
\OT1/cmr/bx/n/10 YYYY \OT1/cmr/m/n/10 - Year with 4 dig-its
 []


Underfull \hbox (badness 10000) in paragraph at lines 289--291
\OT1/cmr/bx/n/10 MM \OT1/cmr/m/n/10 - Month with 2 dig-its
 []


Underfull \hbox (badness 10000) in paragraph at lines 289--291
\OT1/cmr/bx/n/10 DD \OT1/cmr/m/n/10 - Day with 2 dig-its
 []


Underfull \hbox (badness 10000) in paragraph at lines 289--291
\OT1/cmr/bx/n/10 HH \OT1/cmr/m/n/10 - Hour (00,06,12 or 18) of run
 []


Underfull \hbox (badness 10000) in paragraph at lines 289--291
\OT1/cmr/bx/n/10 TTT \OT1/cmr/m/n/10 - Time for anal-y-sis (from 000 un-til 384
).
 []


Underfull \hbox (badness 10000) in paragraph at lines 289--291

 []


Overfull \hbox (421.49332pt too wide) in paragraph at lines 300--300
[]\OT1/cmtt/m/n/10 wget https://nomads.ncep.noaa.gov/pub/data/nccf/com/gfs/prod
/gfs.20200901/00/gfs.t00z.pgrb2.0p25.f000 -O gfs.t00z.pgrb2.0p25.f000.202009010
0.grib2[] 
 []


Overfull \hbox (421.49332pt too wide) in paragraph at lines 300--300
[]\OT1/cmtt/m/n/10 wget https://nomads.ncep.noaa.gov/pub/data/nccf/com/gfs/prod
/gfs.20200901/00/gfs.t00z.pgrb2.0p25.f006 -O gfs.t00z.pgrb2.0p25.f002.202009010
0.grib2[] 
 []


Overfull \hbox (421.49332pt too wide) in paragraph at lines 300--300
[]\OT1/cmtt/m/n/10 wget https://nomads.ncep.noaa.gov/pub/data/nccf/com/gfs/prod
/gfs.20200901/00/gfs.t00z.pgrb2.0p25.f012 -O gfs.t00z.pgrb2.0p25.f012.202009010
0.grib2[] 
 []


Overfull \hbox (421.49332pt too wide) in paragraph at lines 300--300
[]\OT1/cmtt/m/n/10 wget https://nomads.ncep.noaa.gov/pub/data/nccf/com/gfs/prod
/gfs.20200901/00/gfs.t00z.pgrb2.0p25.f018 -O gfs.t00z.pgrb2.0p25.f018.202009010
0.grib2[] 
 []


Overfull \hbox (421.49332pt too wide) in paragraph at lines 300--300
[]\OT1/cmtt/m/n/10 wget https://nomads.ncep.noaa.gov/pub/data/nccf/com/gfs/prod
/gfs.20200901/00/gfs.t00z.pgrb2.0p25.f024 -O gfs.t00z.pgrb2.0p25.f024.202009010
0.grib2[] 
 []

[7]
Package atveryend Info: Empty hook `BeforeClearDocument' on input line 362.
 [8]
Package atveryend Info: Empty hook `AfterLastShipout' on input line 362.
 (./manual.aux)
Package atveryend Info: Executing hook `AtVeryEndDocument' on input line 362.
Package atveryend Info: Executing hook `AtEndAfterFileList' on input line 362.


Package rerunfilecheck Warning: File `manual.out' has changed.
(rerunfilecheck)                Rerun to get outlines right
(rerunfilecheck)                or use package `bookmark'.

Package rerunfilecheck Info: Checksums for `manual.out':
(rerunfilecheck)             Before: B5A11120D955C4C642FFCF8BCFA3632B;675
(rerunfilecheck)             After:  8E4EE44356C7E6A080C2762CA5A22DB3;718.
Package atveryend Info: Empty hook `AtVeryVeryEnd' on input line 362.
 ) 
Here is how much of TeX's memory you used:
 5245 strings out of 483065
 80772 string characters out of 5963551
 335647 words of memory out of 5000000
 20162 multiletter control sequences out of 15000+600000
 537368 words of font info for 41 fonts, out of 8000000 for 9000
 81 hyphenation exceptions out of 8191
 34i,7n,29p,373b,453s stack positions out of 5000i,500n,10000p,200000b,80000s
</usr/share/texlive/texmf-dist/fonts/type1/public/amsfonts/cm/cmbx10.pfb></us
r/share/texlive/texmf-dist/fonts/type1/public/amsfonts/cm/cmbx12.pfb></usr/shar
e/texlive/texmf-dist/fonts/type1/public/amsfonts/cm/cmbx9.pfb></usr/share/texli
ve/texmf-dist/fonts/type1/public/amsfonts/cm/cmr10.pfb></usr/share/texlive/texm
f-dist/fonts/type1/public/amsfonts/cm/cmr12.pfb></usr/share/texlive/texmf-dist/
fonts/type1/public/amsfonts/cm/cmr17.pfb></usr/share/texlive/texmf-dist/fonts/t
ype1/public/amsfonts/cm/cmr9.pfb></usr/share/texlive/texmf-dist/fonts/type1/pub
lic/amsfonts/cm/cmtt10.pfb>
Output written on manual.pdf (8 pages, 152802 bytes).
PDF statistics:
 162 PDF objects out of 1000 (max. 8388607)
 141 compressed objects within 2 object streams
 43 named destinations out of 1000 (max. 500000)
 102 words of extra memory for PDF output out of 10000 (max. 10000000)

